SF:lib\models\character.dart
DA:9,4
DA:11,2
DA:12,2
DA:13,2
DA:14,2
DA:15,2
DA:16,4
LF:7
LH:7
end_of_record
SF:lib\models\resource_image.dart
DA:5,5
DA:7,3
DA:8,3
DA:9,3
DA:10,3
LF:5
LH:5
end_of_record
SF:lib\app.dart
DA:5,1
DA:7,1
DA:9,1
DA:13,1
DA:14,1
DA:15,1
LF:6
LH:6
end_of_record
SF:lib\screens\characters\characters.dart
DA:8,2
DA:10,2
DA:11,2
DA:12,2
DA:14,2
DA:15,2
DA:16,2
DA:17,2
DA:18,2
DA:20,6
DA:22,2
DA:23,1
DA:24,4
DA:32,2
DA:34,0
DA:37,4
DA:39,2
DA:42,1
DA:43,1
DA:46,1
DA:47,3
DA:48,1
LF:22
LH:21
end_of_record
SF:lib\screens\characters\widgets\characters_list.dart
DA:9,2
DA:11,2
DA:13,2
DA:15,4
DA:16,8
DA:17,2
LF:6
LH:6
end_of_record
SF:lib\screens\characters\widgets\characters_list_item.dart
DA:8,6
DA:10,3
DA:12,3
DA:13,3
DA:14,12
DA:16,3
DA:17,6
DA:18,3
DA:20,9
LF:9
LH:9
end_of_record
